Change Component Designator: OldDesignator=? NewDesignator=1
Change Component Designator: OldDesignator=? NewDesignator=2
Change Component Designator: OldDesignator=? NewDesignator=3
Change Component Designator: OldDesignator=? NewDesignator=4
Change Component Designator: OldDesignator=? NewDesignator=5
Change Component Designator: OldDesignator=? NewDesignator=6
Change Component Designator: OldDesignator=BAT? NewDesignator=BAT1
Change Component Designator: OldDesignator=C? NewDesignator=C1
Change Component Designator: OldDesignator=C? NewDesignator=C2
Change Component Designator: OldDesignator=C? NewDesignator=C3
Change Component Designator: OldDesignator=C? NewDesignator=C4
Change Component Designator: OldDesignator=C? NewDesignator=C5
Change Component Designator: OldDesignator=C? NewDesignator=C6
Change Component Designator: OldDesignator=C? NewDesignator=C7
Change Component Designator: OldDesignator=C? NewDesignator=C8
Change Component Designator: OldDesignator=C? NewDesignator=C9
Change Component Designator: OldDesignator=C? NewDesignator=C10
Change Component Designator: OldDesignator=C? NewDesignator=C11
Change Component Designator: OldDesignator=C? NewDesignator=C12
Change Component Designator: OldDesignator=CAP? NewDesignator=CAP1
Change Component Designator: OldDesignator=D? NewDesignator=D1
Change Component Designator: OldDesignator=INA? NewDesignator=INA1
Change Component Designator: OldDesignator=INA? NewDesignator=INA2
Change Component Designator: OldDesignator=L? NewDesignator=L1
Change Component Designator: OldDesignator=P? NewDesignator=P1
Change Component Designator: OldDesignator=P? NewDesignator=P2
Change Component Designator: OldDesignator=POWER? NewDesignator=POWER1
Change Component Designator: OldDesignator=R? NewDesignator=R1
Change Component Designator: OldDesignator=R? NewDesignator=R2
Change Component Designator: OldDesignator=R? NewDesignator=R3
Change Component Designator: OldDesignator=R? NewDesignator=R4
Change Component Designator: OldDesignator=R? NewDesignator=R5
Change Component Designator: OldDesignator=R? NewDesignator=R6
Change Component Designator: OldDesignator=R? NewDesignator=R7
Change Component Designator: OldDesignator=R? NewDesignator=R8
Change Component Designator: OldDesignator=R? NewDesignator=R9
Change Component Designator: OldDesignator=TB_M? NewDesignator=TB_M1
Change Component Designator: OldDesignator=U? NewDesignator=U3
Change Net Name : Old Net Name=Net?_1 New Net Name=Net1_1
Change Net Name : Old Net Name=Net?_1 New Net Name=Net4_1
Change Net Name : Old Net Name=Net?_2 New Net Name=Net5_2
Change Net Name : Old Net Name=NetC?_1 New Net Name=NetC7_1
Change Net Name : Old Net Name=NetINA?_8 New Net Name=NetINA1_8
Change Net Name : Old Net Name=NetP?_2 New Net Name=NetP2_2
Change Net Name : Old Net Name=NetP?_4 New Net Name=NetP2_4
Change Net Name : Old Net Name=NetP?_6 New Net Name=NetP2_6
Change Net Name : Old Net Name=NetR?_2 New Net Name=NetR4_2
Added Member To Class: ClassName=SCH_FOCShield Member=Component 1 C3
Added Member To Class: ClassName=SCH_FOCShield Member=Component 3 C4
Added Member To Class: ClassName=SCH_FOCShield Member=Component 4 C2
Added Member To Class: ClassName=SCH_FOCShield Member=Component 5 R
Added Member To Class: ClassName=SCH_FOCShield Member=Component 6 RC1
Added Member To Class: ClassName=SCH_FOCShield Member=Component C1 0.1uF
Added Member To Class: ClassName=SCH_FOCShield Member=Component C3 10uF
Added Member To Class: ClassName=SCH_FOCShield Member=Component C4 0.1uF
Added Member To Class: ClassName=SCH_FOCShield Member=Component C5 1uF
Added Member To Class: ClassName=SCH_FOCShield Member=Component C6 100nF
Added Member To Class: ClassName=SCH_FOCShield Member=Component C7 2.2uF
Added Member To Class: ClassName=SCH_FOCShield Member=Component C8 100nF
Added Member To Class: ClassName=SCH_FOCShield Member=Component C9 100nF
Added Member To Class: ClassName=SCH_FOCShield Member=Component C10 100nF
Added Member To Class: ClassName=SCH_FOCShield Member=Component C11 100nF
Added Member To Class: ClassName=SCH_FOCShield Member=Component C12 100nF
Added Member To Class: ClassName=SCH_FOCShield Member=Component INA1 INA240A2D
Added Member To Class: ClassName=SCH_FOCShield Member=Component P2 Header 6
Added Member To Class: ClassName=SCH_FOCShield Member=Component R1 10k
Added Member To Class: ClassName=SCH_FOCShield Member=Component R2 10k
Added Member To Class: ClassName=SCH_FOCShield Member=Component R3 10k
Added Member To Class: ClassName=SCH_FOCShield Member=Component R4 10K
Added Member To Class: ClassName=SCH_FOCShield Member=Component R6 220
Added Member To Class: ClassName=SCH_FOCShield Member=Component R7 220
Added Member To Class: ClassName=SCH_FOCShield Member=Component R8 220
Added Member To Class: ClassName=SCH_FOCShield Member=Component R9 10k
Added Room: Name=SCH_FOCShield
