Change Component Footprint: Designator=4k7 Old Footprint=R 0402 (1005) New Footprint=R 1210
Change Component Designator: OldDesignator=D? NewDesignator=BAT1
Added Component: Designator=0.1uF(C 0603)
Add component. Clean all parameters for all variants
Add component (AddParameter): Name = "BRAND"; Value = ""; VariantName = "[No Variations]"
Add component (AddParameter): Name = "PACKAGE"; Value = ""; VariantName = "[No Variations]"
Add component (AddParameter): Name = "PART NO"; Value = ""; VariantName = "[No Variations]"
Add component (AddParameter): Name = "STOCK CODE"; Value = ""; VariantName = "[No Variations]"
Add component (AddParameter): Name = "SUPPLIER"; Value = ""; VariantName = "[No Variations]"
Add component (AddParameter): Name = "TYPE"; Value = ""; VariantName = "[No Variations]"
Added Component: Designator=2k(R 1210)
Add component. Clean all parameters for all variants
Add component (AddParameter): Name = "BRAND"; Value = ""; VariantName = "[No Variations]"
Add component (AddParameter): Name = "PACKAGE"; Value = ""; VariantName = "[No Variations]"
Add component (AddParameter): Name = "PART NO"; Value = ""; VariantName = "[No Variations]"
Add component (AddParameter): Name = "STOCK CODE"; Value = ""; VariantName = "[No Variations]"
Add component (AddParameter): Name = "SUPPLIER"; Value = ""; VariantName = "[No Variations]"
Add component (AddParameter): Name = "TYPE"; Value = ""; VariantName = "[No Variations]"
Added Component: Designator=10mOhm(R 2512)
Add component. Clean all parameters for all variants
Add component (AddParameter): Name = "BRAND"; Value = ""; VariantName = "[No Variations]"
Add component (AddParameter): Name = "PACKAGE"; Value = ""; VariantName = "[No Variations]"
Add component (AddParameter): Name = "PART NO"; Value = ""; VariantName = "[No Variations]"
Add component (AddParameter): Name = "STOCK CODE"; Value = ""; VariantName = "[No Variations]"
Add component (AddParameter): Name = "SUPPLIER"; Value = ""; VariantName = "[No Variations]"
Add component (AddParameter): Name = "TYPE"; Value = ""; VariantName = "[No Variations]"
Added Component: Designator=10mOhm(R 2512)
Add component. Clean all parameters for all variants
Add component (AddParameter): Name = "BRAND"; Value = ""; VariantName = "[No Variations]"
Add component (AddParameter): Name = "PACKAGE"; Value = ""; VariantName = "[No Variations]"
Add component (AddParameter): Name = "PART NO"; Value = ""; VariantName = "[No Variations]"
Add component (AddParameter): Name = "STOCK CODE"; Value = ""; VariantName = "[No Variations]"
Add component (AddParameter): Name = "SUPPLIER"; Value = ""; VariantName = "[No Variations]"
Add component (AddParameter): Name = "TYPE"; Value = ""; VariantName = "[No Variations]"
Added Component: Designator=D1(Led 0805 Blue)
Add component. Clean all parameters for all variants
Add component (AddParameter): Name = "BRAND"; Value = ""; VariantName = "[No Variations]"
Add component (AddParameter): Name = "PACKAGE"; Value = ""; VariantName = "[No Variations]"
Add component (AddParameter): Name = "PART NO"; Value = ""; VariantName = "[No Variations]"
Add component (AddParameter): Name = "STOCK CODE"; Value = ""; VariantName = "[No Variations]"
Add component (AddParameter): Name = "SUPPLIER"; Value = ""; VariantName = "[No Variations]"
Add component (AddParameter): Name = "TYPE"; Value = ""; VariantName = "[No Variations]"
Added Component: Designator=INA1(SOIC127P599X175-8N)
Add component. Clean all parameters for all variants
Add component (AddParameter): Name = "Availability"; Value = "Good"; VariantName = "[No Variations]"
Add component (AddParameter): Name = "Check_prices"; Value = "https://www.snapeda.com/parts/INA240A2D/Texas%20Instruments/view-part/2758167/?ref=eda"; VariantName = "[No Variations]"
Add component (AddParameter): Name = "MF"; Value = "Texas Instruments"; VariantName = "[No Variations]"
Add component (AddParameter): Name = "MP"; Value = "INA240A2D"; VariantName = "[No Variations]"
Add component (AddParameter): Name = "Package"; Value = "SOIC-8 Texas Instruments"; VariantName = "[No Variations]"
Add component (AddParameter): Name = "Price"; Value = "None"; VariantName = "[No Variations]"
Add component (AddParameter): Name = "Purchase-URL"; Value = "https://pricing.snapeda.com/search/part/INA240A2D/?ref=eda"; VariantName = "[No Variations]"
Add component (AddParameter): Name = "SnapEDA_Link"; Value = "https://www.snapeda.com/parts/INA240A2D/Texas%20Instruments/view-part/2758167/?ref=snap"; VariantName = "[No Variations]"
Add component (AddParameter): Name = "Value"; Value = ""; VariantName = "[No Variations]"
Added Component: Designator=INA2(SOIC127P599X175-8N)
Add component. Clean all parameters for all variants
Add component (AddParameter): Name = "Availability"; Value = "Good"; VariantName = "[No Variations]"
Add component (AddParameter): Name = "Check_prices"; Value = "https://www.snapeda.com/parts/INA240A2D/Texas%20Instruments/view-part/2758167/?ref=eda"; VariantName = "[No Variations]"
Add component (AddParameter): Name = "MF"; Value = "Texas Instruments"; VariantName = "[No Variations]"
Add component (AddParameter): Name = "MP"; Value = "INA240A2D"; VariantName = "[No Variations]"
Add component (AddParameter): Name = "Package"; Value = "SOIC-8 Texas Instruments"; VariantName = "[No Variations]"
Add component (AddParameter): Name = "Price"; Value = "None"; VariantName = "[No Variations]"
Add component (AddParameter): Name = "Purchase-URL"; Value = "https://pricing.snapeda.com/search/part/INA240A2D/?ref=eda"; VariantName = "[No Variations]"
Add component (AddParameter): Name = "SnapEDA_Link"; Value = "https://www.snapeda.com/parts/INA240A2D/Texas%20Instruments/view-part/2758167/?ref=snap"; VariantName = "[No Variations]"
Add component (AddParameter): Name = "Value"; Value = ""; VariantName = "[No Variations]"
Added Component: Designator=P?(HDR/Header/6/2mm)
Add component. Clean all parameters for all variants
Add component (AddParameter): Name = "BRAND"; Value = ""; VariantName = "[No Variations]"
Add component (AddParameter): Name = "PACKAGE"; Value = ""; VariantName = "[No Variations]"
Add component (AddParameter): Name = "PART NO"; Value = ""; VariantName = "[No Variations]"
Add component (AddParameter): Name = "STOCK CODE"; Value = ""; VariantName = "[No Variations]"
Add component (AddParameter): Name = "SUPPLIER"; Value = ""; VariantName = "[No Variations]"
Add component (AddParameter): Name = "TYPE"; Value = ""; VariantName = "[No Variations]"
Added Component: Designator=TB_M1(HDR/Terminal/3)
Add component. Clean all parameters for all variants
Add component (AddParameter): Name = "BRAND"; Value = ""; VariantName = "[No Variations]"
Add component (AddParameter): Name = "PACKAGE"; Value = ""; VariantName = "[No Variations]"
Add component (AddParameter): Name = "PART NO"; Value = ""; VariantName = "[No Variations]"
Add component (AddParameter): Name = "STOCK CODE"; Value = ""; VariantName = "[No Variations]"
Add component (AddParameter): Name = "SUPPLIER"; Value = ""; VariantName = "[No Variations]"
Add component (AddParameter): Name = "TYPE"; Value = ""; VariantName = "[No Variations]"
Added Pin To Net: NetName=GND Pin=0.1uF-2
Added Pin To Net: NetName=GND Pin=2k-1
Added Pin To Net: NetName=+8 Pin=D1-1
Added Pin To Net: NetName=GND Pin=INA1-2
Added Pin To Net: NetName=GND Pin=INA1-7
Added Pin To Net: NetName=GND Pin=INA2-2
Added Pin To Net: NetName=GND Pin=INA2-7
Added Pin To Net: NetName=GND Pin=P?-6
Added Pin To Net: NetName=Net0.1uF_1 Pin=0.1uF-1
Added Pin To Net: NetName=Net0.1uF_1 Pin=INA1-3
Added Pin To Net: NetName=Net0.1uF_1 Pin=INA1-6
Added Pin To Net: NetName=Net0.1uF_1 Pin=INA2-3
Added Pin To Net: NetName=Net0.1uF_1 Pin=INA2-6
Added Pin To Net: NetName=Net0.1uF_1 Pin=P?-5
Added Pin To Net: NetName=Net0.1uF_1 Pin=U?-26
Added Net: Name=Net0.1uF_1
Added Pin To Net: NetName=Net2k_2 Pin=2k-2
Added Pin To Net: NetName=Net2k_2 Pin=D1-2
Added Net: Name=Net2k_2
Added Pin To Net: NetName=Net10mOhm_1 Pin=10mOhm-1
Added Pin To Net: NetName=Net10mOhm_1 Pin=INA2-8
Added Pin To Net: NetName=Net10mOhm_1 Pin=TB_M1-2
Added Net: Name=Net10mOhm_1
Added Pin To Net: NetName=Net10mOhm_2 Pin=10mOhm-2
Added Pin To Net: NetName=Net10mOhm_2 Pin=INA1-8
Added Pin To Net: NetName=Net10mOhm_2 Pin=U-1
Added Net: Name=Net10mOhm_2
Added Pin To Net: NetName=NetINA1_5 Pin=INA1-5
Added Pin To Net: NetName=NetINA1_5 Pin=U?-14
Added Net: Name=NetINA1_5
Added Pin To Net: NetName=NetINA2_5 Pin=INA2-5
Added Pin To Net: NetName=NetINA2_5 Pin=U?-20
Added Net: Name=NetINA2_5
Added Pin To Net: NetName=NetP?_1 Pin=P?-1
Added Pin To Net: NetName=NetP?_1 Pin=U?-21
Added Net: Name=NetP?_1
Added Pin To Net: NetName=NetP?_2 Pin=P?-2
Added Pin To Net: NetName=NetP?_2 Pin=U?-22
Added Net: Name=NetP?_2
Added Pin To Net: NetName=NetP?_3 Pin=P?-3
Added Pin To Net: NetName=NetP?_3 Pin=P?-4
Added Pin To Net: NetName=NetP?_3 Pin=U?-23
Added Net: Name=NetP?_3
Added Pin To Net: NetName=NetTB_M1_1 Pin=TB_M1-1
Added Pin To Net: NetName=NetTB_M1_1 Pin=U-10
Added Net: Name=NetTB_M1_1
Added Pin To Net: NetName=NetU?_61 Pin=U?-61
Added Net: Name=NetU?_61
Added Member To Class: ClassName=SCH_FOCShield Member=Component 0.1uF C4
Added Member To Class: ClassName=SCH_FOCShield Member=Component 2k R
Added Member To Class: ClassName=SCH_FOCShield Member=Component 10mOhm RC1
Added Member To Class: ClassName=SCH_FOCShield Member=Component 10mOhm RC2
Added Member To Class: ClassName=SCH_FOCShield Member=Component D1 Led
Added Member To Class: ClassName=SCH_FOCShield Member=Component INA1 INA240A2D
Added Member To Class: ClassName=SCH_FOCShield Member=Component INA2 INA240A2D
Added Member To Class: ClassName=SCH_FOCShield Member=Component P? Header 6
Added Member To Class: ClassName=SCH_FOCShield Member=Component TB_M1 Header 3
Added Member To Class: ClassName=SCH_FOCShield Member=Component U? STM32F446RET6
