Change Component Designator: OldDesignator=1 NewDesignator=C1
Change Component Designator: OldDesignator=2 NewDesignator=R4
Change Component Designator: OldDesignator=3 NewDesignator=C2
Change Component Designator: OldDesignator=4 NewDesignator=C3
Change Component Designator: OldDesignator=5 NewDesignator=R5
Change Component Designator: OldDesignator=6 NewDesignator=R8
Change Component Designator: OldDesignator=C1 NewDesignator=C4
Change Component Designator: OldDesignator=C2 NewDesignator=C5
Change Component Designator: OldDesignator=C3 NewDesignator=C6
Change Component Designator: OldDesignator=C4 NewDesignator=C7
Change Component Designator: OldDesignator=C5 NewDesignator=C8
Change Component Designator: OldDesignator=C6 NewDesignator=C9
Change Component Designator: OldDesignator=C7 NewDesignator=C10
Change Component Designator: OldDesignator=C8 NewDesignator=C11
Change Component Designator: OldDesignator=C9 NewDesignator=C12
Change Component Designator: OldDesignator=C10 NewDesignator=C13
Change Component Designator: OldDesignator=C11 NewDesignator=C14
Change Component Designator: OldDesignator=C12 NewDesignator=C15
Change Component Designator: OldDesignator=R4 NewDesignator=R6
Change Component Designator: OldDesignator=R5 NewDesignator=R7
Change Component Designator: OldDesignator=R6 NewDesignator=R9
Change Component Designator: OldDesignator=R7 NewDesignator=R10
Change Component Designator: OldDesignator=R8 NewDesignator=R11
Change Component Designator: OldDesignator=R9 NewDesignator=R12
Change Net Name : Old Net Name=Net1_1 New Net Name=NetC1_1
Change Net Name : Old Net Name=Net4_1 New Net Name=NetBAT1_3
Change Net Name : Old Net Name=Net5_2 New Net Name=NetD1_2
Change Net Name : Old Net Name=NetC7_1 New Net Name=NetC10_1
Change Net Name : Old Net Name=NetR4_2 New Net Name=NetR6_2
Added Member To Class: ClassName=SCH_FOCShield Member=Component P2 Header 6
Added Room: Name=SCH_FOCShield
