Removed Pin From Net: NetName=NetC1_1 Pin=C1-1
Removed Pin From Net: NetName=+8 Pin=C2-1
Removed Pin From Net: NetName=VBOOT Pin=C2-2
Removed Pin From Net: NetName=NetBAT1_3 Pin=C3-1
Removed Pin From Net: NetName=VCP Pin=C3-2
Removed Pin From Net: NetName=+8 Pin=C6-1
Removed Pin From Net: NetName=+3.3v Pin=C7-1
Removed Pin From Net: NetName=VDDA Pin=C9-1
Removed Pin From Net: NetName=NetC10_1 Pin=C10-1
Removed Pin From Net: NetName=+3.3v Pin=C11-1
Removed Pin From Net: NetName=GND Pin=C11-2
Removed Pin From Net: NetName=+3.3v Pin=C12-1
Removed Pin From Net: NetName=GND Pin=C12-2
Removed Pin From Net: NetName=NRST Pin=C15-1
Removed Pin From Net: NetName=+8 Pin=D1-1
Removed Pin From Net: NetName=NetD1_2 Pin=D1-2
Removed Pin From Net: NetName=GND Pin=R1-1
Removed Pin From Net: NetName=PWM3 Pin=R1-2
Removed Pin From Net: NetName=PWM2 Pin=R2-1
Removed Pin From Net: NetName=GND Pin=R2-2
Removed Pin From Net: NetName=PWM1 Pin=R3-1
Removed Pin From Net: NetName=GND Pin=R3-2
Removed Pin From Net: NetName=GND Pin=R4-1
Removed Pin From Net: NetName=EN2 Pin=R4-2
Removed Pin From Net: NetName=GND Pin=R5-1
Removed Pin From Net: NetName=PhB Pin=R7-1
Removed Pin From Net: NetName=PhB_CS Pin=R7-2
Removed Pin From Net: NetName=PhA Pin=R8-1
Removed Pin From Net: NetName=PhA_CS Pin=R8-2
Removed Pin From Net: NetName=NetP2_2 Pin=R9-1
Removed Pin From Net: NetName=SWCLK Pin=R9-2
Removed Pin From Net: NetName=NetP2_4 Pin=R10-1
Removed Pin From Net: NetName=SWDIO Pin=R10-2
Removed Pin From Net: NetName=NetP2_6 Pin=R11-1
Removed Pin From Net: NetName=SWO Pin=R11-2
Removed Pin From Net: NetName=NRST Pin=R12-1
Removed Pin From Net: NetName=+3.3v Pin=R12-2
Removed Pin From Net: NetName=NetC1_1 Pin=U1-16
Removed Pin From Net: NetName=NetC10_1 Pin=U2-30
Removed Pin From Net: NetName=GND Pin=U3-1
Removed Pin From Net: NetName=+3.3v Pin=U3-2
Removed Pin From Net: NetName=+8 Pin=U3-3
Removed Member From Class: ClassName=SCH_FOCShield Member=U3
Change Component Footprint: Designator=C5 Old Footprint=C 0402 New Footprint=C 0805
Change Component Footprint: Designator=C6 Old Footprint=C 0402 New Footprint=C 0805
Change Component Footprint: Designator=C1 Old Footprint=C 0603 New Footprint=C 0805
Change Component Footprint: Designator=C2 Old Footprint=C 0603 New Footprint=C 0805
Change Component Footprint: Designator=C3 Old Footprint=C 0603 New Footprint=C 0805
Change Component Footprint: Designator=C4 Old Footprint=C 0603 New Footprint=C 0805
Change Component Footprint: Designator=C7 Old Footprint=C 0603 New Footprint=C 0805
Change Component Footprint: Designator=C15 Old Footprint=C 0805 New Footprint=C 0603
Change Component Footprint: Designator=L1 Old Footprint=L 0603 (1608) New Footprint=L 0805
Change Component Footprint: Designator=R1 Old Footprint=R 1/4W/300 New Footprint=R 0805
Change Component Footprint: Designator=R2 Old Footprint=R 1/4W/300 New Footprint=R 0805
Change Component Footprint: Designator=R3 Old Footprint=R 1/4W/300 New Footprint=R 0805
Change Component Footprint: Designator=R9 Old Footprint=R 0402 New Footprint=R 0805
Change Component Footprint: Designator=R10 Old Footprint=R 0402 New Footprint=R 0805
Change Component Footprint: Designator=R11 Old Footprint=R 0402 New Footprint=R 0805
Change Component Footprint: Designator=R4 Old Footprint=R 1210 New Footprint=R 0805
Change Component Footprint: Designator=R5 Old Footprint=R 1210 New Footprint=R 0805
Change Component Footprint: Designator=R8 Old Footprint=R 2512 New Footprint=R 0805
Change Component Comment : Designator=C4 Old Comment=0.1uF New Comment=100nF
Change Component Comment : Designator=C7 Old Comment=0.1uF New Comment=100nF
Change Component Comment : Designator=C10 Old Comment=2.2uF New Comment=10uF
Change Component Comment : Designator=R1 Old Comment=10k New Comment=220
Change Component Comment : Designator=R2 Old Comment=10k New Comment=220
Change Component Comment : Designator=R3 Old Comment=10k New Comment=220
Change Component Comment : Designator=C6 Old Comment=10uF New Comment=100nF
Change Component Comment : Designator=C5 Old Comment=22uF New Comment=100nF
Change Component Comment : Designator=C13 Old Comment=100nF New Comment=0.1uF
Change Component Comment : Designator=C14 Old Comment=100nF New Comment=0.1uF
Change Component Comment : Designator=C15 Old Comment=100nF New Comment=1uF
Change Component Comment : Designator=C11 Old Comment=100nF New Comment=10nF
Change Component Comment : Designator=C9 Old Comment=100nF New Comment=22uF
Change Component Comment : Designator=C12 Old Comment=100nF New Comment=220nF
Change Component Comment : Designator=R11 Old Comment=220 New Comment=4.7k
Change Component Comment : Designator=R9 Old Comment=220 New Comment=10k
Change Component Comment : Designator=R10 Old Comment=220 New Comment=10k
Change Component Comment : Designator=C3 Old Comment=C2 New Comment=100nF
Change Component Comment : Designator=C1 Old Comment=C3 New Comment=10nF
Change Component Comment : Designator=C2 Old Comment=C4 New Comment=2.2uF
Change Component Comment : Designator=R5 Old Comment=R New Comment=2k
Change Component Comment : Designator=R4 Old Comment=R New Comment=10k
Change Component Comment : Designator=R8 Old Comment=RC1 New Comment=10k
Change Component Designator: OldDesignator=R6 NewDesignator=R12
Added Component: Designator=R6(R 2512)
Add component. Clean all parameters for all variants
Add component (AddParameter): Name = "BRAND"; Value = ""; VariantName = "[No Variations]"
Add component (AddParameter): Name = "PACKAGE"; Value = ""; VariantName = "[No Variations]"
Add component (AddParameter): Name = "PART NO"; Value = ""; VariantName = "[No Variations]"
Add component (AddParameter): Name = "STOCK CODE"; Value = ""; VariantName = "[No Variations]"
Add component (AddParameter): Name = "SUPPLIER"; Value = ""; VariantName = "[No Variations]"
Add component (AddParameter): Name = "TYPE"; Value = ""; VariantName = "[No Variations]"
Added Component: Designator=R13(R 0805)
Add component. Clean all parameters for all variants
Add component (AddParameter): Name = "BRAND"; Value = ""; VariantName = "[No Variations]"
Add component (AddParameter): Name = "PACKAGE"; Value = ""; VariantName = "[No Variations]"
Add component (AddParameter): Name = "PART NO"; Value = ""; VariantName = "[No Variations]"
Add component (AddParameter): Name = "STOCK CODE"; Value = ""; VariantName = "[No Variations]"
Add component (AddParameter): Name = "SUPPLIER"; Value = ""; VariantName = "[No Variations]"
Add component (AddParameter): Name = "TYPE"; Value = ""; VariantName = "[No Variations]"
Added Component: Designator=R14(R 0805)
Add component. Clean all parameters for all variants
Add component (AddParameter): Name = "BRAND"; Value = ""; VariantName = "[No Variations]"
Add component (AddParameter): Name = "PACKAGE"; Value = ""; VariantName = "[No Variations]"
Add component (AddParameter): Name = "PART NO"; Value = ""; VariantName = "[No Variations]"
Add component (AddParameter): Name = "STOCK CODE"; Value = ""; VariantName = "[No Variations]"
Add component (AddParameter): Name = "SUPPLIER"; Value = ""; VariantName = "[No Variations]"
Add component (AddParameter): Name = "TYPE"; Value = ""; VariantName = "[No Variations]"
Added Component: Designator=U?(SOT-223)
Add component. Clean all parameters for all variants
Add component (AddParameter): Name = "BRAND"; Value = ""; VariantName = "[No Variations]"
Add component (AddParameter): Name = "PACKAGE"; Value = ""; VariantName = "[No Variations]"
Add component (AddParameter): Name = "PART NO"; Value = ""; VariantName = "[No Variations]"
Add component (AddParameter): Name = "STOCK CODE"; Value = ""; VariantName = "[No Variations]"
Add component (AddParameter): Name = "SUPPLIER"; Value = ""; VariantName = "[No Variations]"
Add component (AddParameter): Name = "TYPE"; Value = ""; VariantName = "[No Variations]"
Added Pin To Net: NetName=NRST Pin=C1-1
Added Pin To Net: NetName=NetC1_1 Pin=C2-1
Added Pin To Net: NetName=GND Pin=C2-2
Added Pin To Net: NetName=+3.3v Pin=C3-1
Added Pin To Net: NetName=GND Pin=C3-2
Added Pin To Net: NetName=+3.3v Pin=C6-1
Added Pin To Net: NetName=VDDA Pin=C7-1
Added Pin To Net: NetName=+3.3v Pin=C9-1
Added Pin To Net: NetName=+8 Pin=C10-1
Added Pin To Net: NetName=NetBAT1_3 Pin=C11-1
Added Pin To Net: NetName=VCP Pin=C11-2
Added Pin To Net: NetName=+8 Pin=C12-1
Added Pin To Net: NetName=VBOOT Pin=C12-2
Added Pin To Net: NetName=NetC10_1 Pin=C15-1
Added Pin To Net: NetName=NetD1_2 Pin=D1-1
Added Pin To Net: NetName=GND Pin=D1-2
Added Pin To Net: NetName=NetP2_2 Pin=R1-1
Added Pin To Net: NetName=SWCLK Pin=R1-2
Added Pin To Net: NetName=NetP2_4 Pin=R2-1
Added Pin To Net: NetName=SWDIO Pin=R2-2
Added Pin To Net: NetName=NetP2_6 Pin=R3-1
Added Pin To Net: NetName=SWO Pin=R3-2
Added Pin To Net: NetName=NRST Pin=R4-1
Added Pin To Net: NetName=+3.3v Pin=R4-2
Added Pin To Net: NetName=+8 Pin=R5-1
Added Pin To Net: NetName=PhA Pin=R6-1
Added Pin To Net: NetName=PhA_CS Pin=R6-2
Added Pin To Net: NetName=PhB_CS Pin=R7-1
Added Pin To Net: NetName=PhB Pin=R7-2
Added Pin To Net: NetName=PWM1 Pin=R8-1
Added Pin To Net: NetName=GND Pin=R8-2
Added Pin To Net: NetName=GND Pin=R9-1
Added Pin To Net: NetName=PWM2 Pin=R9-2
Added Pin To Net: NetName=GND Pin=R10-1
Added Pin To Net: NetName=PWM3 Pin=R10-2
Added Pin To Net: NetName=GND Pin=R11-1
Added Pin To Net: NetName=EN2 Pin=R11-2
Added Pin To Net: NetName=+8 Pin=R13-2
Added Pin To Net: NetName=GND Pin=R14-2
Added Pin To Net: NetName=NetC10_1 Pin=U1-16
Added Pin To Net: NetName=NetC1_1 Pin=U2-30
Added Pin To Net: NetName=GND Pin=U?-1
Added Pin To Net: NetName=+3.3v Pin=U?-2
Added Pin To Net: NetName=+8 Pin=U?-3
Change Net Name : Old Net Name=NetC1_1 New Net Name=NetC2_1
Change Net Name : Old Net Name=NetC10_1 New Net Name=NetC15_1
Change Net Name : Old Net Name=NetD1_2 New Net Name=NetD1_1
Change Net Name : Old Net Name=NetR6_2 New Net Name=NetR12_2
Added Pin To Net: NetName=A1 Pin=R13-1
Added Pin To Net: NetName=A1 Pin=R14-1
Added Pin To Net: NetName=A1 Pin=U2-15
Added Net: Name=A1
Added Member To Class: ClassName=SCH_FOCShield Member=Component R13 12.4k
Added Member To Class: ClassName=SCH_FOCShield Member=Component R14 3.3k
Added Member To Class: ClassName=SCH_FOCShield Member=Component U? AMS1117
Added Room: Name=SCH_FOCShield
