Removed Pin From Net: NetName=Enable Pin=2-2
Removed Pin From Net: NetName=PWM2 Pin=R1-1
Removed Pin From Net: NetName=PWM1 Pin=R2-1
Added Component: Designator=U(DIP880W50P254L2480H510Q20B)
Add component. Clean all parameters for all variants
Add component (AddParameter): Name = "Availability"; Value = "Unavailable"; VariantName = "[No Variations]"
Add component (AddParameter): Name = "MF"; Value = "STMicroelectronics"; VariantName = "[No Variations]"
Add component (AddParameter): Name = "MP"; Value = "L6234"; VariantName = "[No Variations]"
Add component (AddParameter): Name = "Package"; Value = "DIP-20 STMicroelectronics"; VariantName = "[No Variations]"
Add component (AddParameter): Name = "Price"; Value = "None"; VariantName = "[No Variations]"
Add component (AddParameter): Name = "SnapEDA_Link"; Value = "https://www.snapeda.com/parts/L6234/STMicroelectronics/view-part/43766/?ref=snap"; VariantName = "[No Variations]"
Add component (AddParameter): Name = "Value"; Value = ""; VariantName = "[No Variations]"
Added Pin To Net: NetName=PWM1 Pin=R1-1
Added Pin To Net: NetName=PWM2 Pin=R2-1
Added Pin To Net: NetName=PhA_CS Pin=U-1
Added Pin To Net: NetName=PWM1 Pin=U-2
Added Pin To Net: NetName=+8 Pin=U-4
Added Pin To Net: NetName=GND Pin=U-5
Added Pin To Net: NetName=GND Pin=U-6
Added Pin To Net: NetName=+8 Pin=U-7
Added Pin To Net: NetName=PWM3 Pin=U-9
Added Pin To Net: NetName=PhC Pin=U-10
Added Pin To Net: NetName=Net1_1 Pin=U-11
Added Pin To Net: NetName=VCP Pin=U-12
Added Pin To Net: NetName=VBOOT Pin=U-13
Added Pin To Net: NetName=GND Pin=U-14
Added Pin To Net: NetName=GND Pin=U-15
Added Pin To Net: NetName=GND Pin=U-16
Added Pin To Net: NetName=GND Pin=U-17
Added Pin To Net: NetName=PWM2 Pin=U-19
Added Pin To Net: NetName=PhB_CS Pin=U-20
Added Pin To Net: NetName=Net2_2 Pin=2-2
Added Pin To Net: NetName=Net2_2 Pin=U-3
Added Pin To Net: NetName=Net2_2 Pin=U-8
Added Pin To Net: NetName=Net2_2 Pin=U-18
Added Net: Name=Net2_2
Added Member To Class: ClassName=SCH_FOCShield Member=Component U L6234
