Removed Member From Class: ClassName=SCH_FOCShield Member=1uF
Removed Member From Class: ClassName=SCH_FOCShield Member=4.7k
Change Component Designator: OldDesignator=1 NewDesignator=3
Change Component Designator: OldDesignator=1uF NewDesignator=1
Change Component Designator: OldDesignator=2 NewDesignator=4
Change Component Designator: OldDesignator=2k NewDesignator=5
Change Component Designator: OldDesignator=4.7k NewDesignator=2
Change Component Designator: OldDesignator=5 NewDesignator=6
Change Component Designator: OldDesignator=C1 NewDesignator=C2
Change Component Designator: OldDesignator=C2 NewDesignator=C3
Change Component Designator: OldDesignator=C3 NewDesignator=C5
Change Component Designator: OldDesignator=C4 NewDesignator=C6
Change Component Designator: OldDesignator=C5 NewDesignator=C7
Change Component Designator: OldDesignator=C6 NewDesignator=C8
Change Component Designator: OldDesignator=C7 NewDesignator=C9
Change Component Designator: OldDesignator=C8 NewDesignator=C10
Change Component Designator: OldDesignator=C9 NewDesignator=C11
Change Component Designator: OldDesignator=C10 NewDesignator=C12
Change Component Designator: OldDesignator=C11 NewDesignator=C1
Change Component Designator: OldDesignator=C12 NewDesignator=C4
Change Component Designator: OldDesignator=R1 NewDesignator=R4
Change Component Designator: OldDesignator=R2 NewDesignator=R5
Change Component Designator: OldDesignator=R3 NewDesignator=R2
Change Component Designator: OldDesignator=R4 NewDesignator=R1
Change Component Designator: OldDesignator=R5 NewDesignator=R3
Change Component Designator: OldDesignator=U1 NewDesignator=U2
Change Component Designator: OldDesignator=U2 NewDesignator=U3
Change Net Name : Old Net Name=Net1uF_1 New Net Name=Net1_1
Change Net Name : Old Net Name=Net2_1 New Net Name=Net4_1
Change Net Name : Old Net Name=Net2k_2 New Net Name=Net5_2
Change Net Name : Old Net Name=NetC5_1 New Net Name=NetC7_1
Change Net Name : Old Net Name=NetR1_2 New Net Name=NetR4_2
Added Member To Class: ClassName=SCH_FOCShield Member=Component 3 C4
Added Member To Class: ClassName=SCH_FOCShield Member=Component 4 C2
Added Member To Class: ClassName=SCH_FOCShield Member=Component U3 AMS1117
Added Room: Name=SCH_FOCShield
