Change Component Designator: Old Designator=1 New Designator=3
Change Component Designator: Old Designator=1uF New Designator=1
Change Component Designator: Old Designator=2 New Designator=4
Change Component Designator: Old Designator=2k New Designator=5
Change Component Designator: Old Designator=4.7k New Designator=2
Change Component Designator: Old Designator=5 New Designator=6
Change Component Designator: Old Designator=C1 New Designator=C2
Change Component Designator: Old Designator=C2 New Designator=C3
Change Component Designator: Old Designator=C3 New Designator=C5
Change Component Designator: Old Designator=C4 New Designator=C6
Change Component Designator: Old Designator=C5 New Designator=C7
Change Component Designator: Old Designator=C6 New Designator=C8
Change Component Designator: Old Designator=C7 New Designator=C9
Change Component Designator: Old Designator=C8 New Designator=C10
Change Component Designator: Old Designator=C9 New Designator=C11
Change Component Designator: Old Designator=C10 New Designator=C12
Change Component Designator: Old Designator=C11 New Designator=C1
Change Component Designator: Old Designator=C12 New Designator=C4
Change Component Designator: Old Designator=R1 New Designator=R4
Change Component Designator: Old Designator=R2 New Designator=R5
Change Component Designator: Old Designator=R3 New Designator=R2
Change Component Designator: Old Designator=R4 New Designator=R1
Change Component Designator: Old Designator=R5 New Designator=R3
Change Component Designator: Old Designator=U1 New Designator=U2
Change Component Designator: Old Designator=U1 New Designator=U2
Change Component Designator: Old Designator=U1 New Designator=U2
Change Component Designator: Old Designator=U2 New Designator=U3
Change Component Designator: Old Designator=U? New Designator=U1
