Change Component Designator: Old Designator=? New Designator=1
Change Component Designator: Old Designator=? New Designator=2
Change Component Designator: Old Designator=? New Designator=3
Change Component Designator: Old Designator=? New Designator=4
Change Component Designator: Old Designator=? New Designator=5
Change Component Designator: Old Designator=? New Designator=6
Change Component Designator: Old Designator=BAT? New Designator=BAT1
Change Component Designator: Old Designator=C? New Designator=C1
Change Component Designator: Old Designator=C? New Designator=C2
Change Component Designator: Old Designator=C? New Designator=C3
Change Component Designator: Old Designator=C? New Designator=C4
Change Component Designator: Old Designator=C? New Designator=C5
Change Component Designator: Old Designator=C? New Designator=C6
Change Component Designator: Old Designator=C? New Designator=C7
Change Component Designator: Old Designator=C? New Designator=C8
Change Component Designator: Old Designator=C? New Designator=C9
Change Component Designator: Old Designator=C? New Designator=C10
Change Component Designator: Old Designator=C? New Designator=C11
Change Component Designator: Old Designator=C? New Designator=C12
Change Component Designator: Old Designator=CAP? New Designator=CAP1
Change Component Designator: Old Designator=D? New Designator=D1
Change Component Designator: Old Designator=INA? New Designator=INA1
Change Component Designator: Old Designator=INA? New Designator=INA2
Change Component Designator: Old Designator=L? New Designator=L1
Change Component Designator: Old Designator=P? New Designator=P1
Change Component Designator: Old Designator=P? New Designator=P2
Change Component Designator: Old Designator=POWER? New Designator=POWER1
Change Component Designator: Old Designator=R? New Designator=R1
Change Component Designator: Old Designator=R? New Designator=R2
Change Component Designator: Old Designator=R? New Designator=R3
Change Component Designator: Old Designator=R? New Designator=R4
Change Component Designator: Old Designator=R? New Designator=R5
Change Component Designator: Old Designator=R? New Designator=R6
Change Component Designator: Old Designator=R? New Designator=R7
Change Component Designator: Old Designator=R? New Designator=R8
Change Component Designator: Old Designator=R? New Designator=R9
Change Component Designator: Old Designator=TB_M? New Designator=TB_M1
Change Component Designator: Old Designator=U? New Designator=U3
