Change Component Designator: Old Designator=* New Designator=*1
Change Component Designator: Old Designator=0.1uF New Designator=7
Change Component Designator: Old Designator=1uF New Designator=6
Change Component Designator: Old Designator=2k New Designator=3
Change Component Designator: Old Designator=4k7 New Designator=8
Change Component Designator: Old Designator=10mOhm New Designator=5
Change Component Designator: Old Designator=10nF New Designator=2
Change Component Designator: Old Designator=220nF New Designator=1
Change Component Designator: Old Designator=? New Designator=4
Change Component Designator: Old Designator=C? New Designator=C1
Change Component Designator: Old Designator=C? New Designator=C2
Change Component Designator: Old Designator=C? New Designator=C3
Change Component Designator: Old Designator=C? New Designator=C4
Change Component Designator: Old Designator=C? New Designator=C5
Change Component Designator: Old Designator=C? New Designator=C6
Change Component Designator: Old Designator=C? New Designator=C7
Change Component Designator: Old Designator=C? New Designator=C8
Change Component Designator: Old Designator=C? New Designator=C9
Change Component Designator: Old Designator=C? New Designator=C10
Change Component Designator: Old Designator=INA1 New Designator=INA2
Change Component Designator: Old Designator=INA2 New Designator=INA1
Change Component Designator: Old Designator=L? New Designator=L1
Change Component Designator: Old Designator=P1 New Designator=P2
Change Component Designator: Old Designator=P2 New Designator=P1
Change Component Designator: Old Designator=POWER New Designator=POWER1
Change Component Designator: Old Designator=R1 New Designator=R2
Change Component Designator: Old Designator=R2 New Designator=R6
Change Component Designator: Old Designator=R3 New Designator=R7
Change Component Designator: Old Designator=R5 New Designator=R8
Change Component Designator: Old Designator=R6 New Designator=R3
Change Component Designator: Old Designator=R7 New Designator=R4
Change Component Designator: Old Designator=R8 New Designator=R5
Change Component Designator: Old Designator=R? New Designator=R1
Change Component Designator: Old Designator=R? New Designator=R9
Change Component Designator: Old Designator=U New Designator=U3
Change Component Designator: Old Designator=U? New Designator=U1
Change Component Designator: Old Designator=U? New Designator=U2
