Remove Pin=4-2 From Net=VCP
Remove Pin=INA1-1 From Net=PhB_CS
Remove Pin=INA1-5 From Net=A2
Remove Pin=INA2-5 From Net=A0
Remove Pin=P1-1 From Net=CS
Remove Pin=P1-2 From Net=SCK
Remove Pin=P1-3 From Net=MISO
Remove Pin=P1-4 From Net=MOSI
Remove Pin=P2-1 From Net=VDD
Remove Pin=P2-5 From Net=NRST
Remove Pin=R6-2 From Net=SWCLK
Remove Pin=R7-2 From Net=SWDIO
Remove Pin=R8-2 From Net=SWO
Remove Pin=TB_M1-1 From Net=PhC
Remove Pin=U1-1 From Net=PhA_CS
Remove Pin=U1-10 From Net=PhC
Remove Pin=U1-12 From Net=VCP
Remove Pin=U1-13 From Net=VBOOT
Remove Pin=U1-20 From Net=PhB_CS
Remove Pin=U2A-7 From Net=NRST
Remove Pin=U2A-14 From Net=A0
Remove Pin=U2A-20 From Net=A2
Remove Pin=U2A-21 From Net=SCK
Remove Pin=U2A-22 From Net=MISO
Remove Pin=U2A-23 From Net=MOSI
Remove Pin=U2A-41 From Net=PWM2
Remove Pin=U2A-42 From Net=PWM3
Remove Pin=U2A-43 From Net=PWM1
Remove Pin=U2A-46 From Net=SWDIO
Remove Pin=U2A-49 From Net=SWCLK
Remove Pin=U2B-55 From Net=SWO
Remove Pin=U2B-56 From Net=Enable
Remove Pin=U2B-61 From Net=CS
